<?xml version="1.0" encoding="UTF-8"?>
<!-- Generated by org.testng.reporters.JUnitReportReporter -->
<testsuite hostname="User" failures="0" tests="1" name="Doctor.DoctorTest" time="200.994" errors="0" timestamp="2024-11-26T10:20:50 IST" skipped="0">
  <testcase classname="Doctor.DoctorTest" name="cancelAppointment" time="200.994"/>
  <system-out/>
</testsuite> <!-- Doctor.DoctorTest -->
