<?xml version="1.0" encoding="UTF-8"?>
<!-- Generated by org.testng.reporters.JUnitReportReporter -->
<testsuite hostname="User" failures="0" tests="1" name="CreateUserTest" time="8.485" errors="0" timestamp="2024-11-21T20:50:10 IST" skipped="0">
  <testcase classname="CreateUserTest" name="createUser" time="8.485"/>
  <system-out/>
</testsuite> <!-- CreateUserTest -->
